[22-Apr-2025 23:05:32 UTC] PHP Warning:  Undefined variable $parent_theme_name in /workspaces/FinalExam/.wordpress/wp-content/mu-plugins/one-click-child-theme/templates/create_child_form.php on line 18
[22-Apr-2025 23:52:15 UTC] PHP Fatal error:  Out of memory (allocated 35651584) (tried to allocate 2097152 bytes) in /workspaces/FinalExam/.wordpress/wp-content/plugins/ecommerce-product-catalog/templates/themes/theme-classic-grid.php on line 180
[22-Apr-2025 23:52:15 UTC] PHP Fatal error:  Uncaught Error: Call to undefined function ic_products_count() in /workspaces/FinalExam/.wordpress/wp-content/plugins/ecommerce-product-catalog/includes/tracking.php:117
Stack trace:
#0 /workspaces/FinalExam/.wordpress/wp-content/plugins/ecommerce-product-catalog/includes/tracking.php(551): IC_EPC_Tracking->setup_data()
#1 /workspaces/FinalExam/.wordpress/wp-content/plugins/ecommerce-product-catalog/includes/tracking.php(481): IC_EPC_Tracking->send_paused_checkin(Array, true)
#2 [internal function]: IC_EPC_Tracking->fatal()
#3 {main}
  thrown in /workspaces/FinalExam/.wordpress/wp-content/plugins/ecommerce-product-catalog/includes/tracking.php on line 117
[22-Apr-2025 23:52:15 UTC] PHP Fatal error:  Out of memory (allocated 33554432) (tried to allocate 2097152 bytes) in /workspaces/FinalExam/.wordpress/wp-content/plugins/ecommerce-product-catalog/templates/themes/theme-classic-grid.php on line 180
[22-Apr-2025 23:52:15 UTC] PHP Fatal error:  Uncaught Error: Call to undefined function ic_products_count() in /workspaces/FinalExam/.wordpress/wp-content/plugins/ecommerce-product-catalog/includes/tracking.php:117
Stack trace:
#0 /workspaces/FinalExam/.wordpress/wp-content/plugins/ecommerce-product-catalog/includes/tracking.php(551): IC_EPC_Tracking->setup_data()
#1 /workspaces/FinalExam/.wordpress/wp-content/plugins/ecommerce-product-catalog/includes/tracking.php(481): IC_EPC_Tracking->send_paused_checkin(Array, true)
#2 [internal function]: IC_EPC_Tracking->fatal()
#3 {main}
  thrown in /workspaces/FinalExam/.wordpress/wp-content/plugins/ecommerce-product-catalog/includes/tracking.php on line 117
[22-Apr-2025 23:52:15 UTC] PHP Fatal error:  Out of memory (allocated 31457280) (tried to allocate 2097152 bytes) in /workspaces/FinalExam/.wordpress/wp-content/plugins/ecommerce-product-catalog/templates/themes/theme-classic-grid.php on line 180
[22-Apr-2025 23:52:15 UTC] PHP Fatal error:  Uncaught Error: Call to undefined function ic_products_count() in /workspaces/FinalExam/.wordpress/wp-content/plugins/ecommerce-product-catalog/includes/tracking.php:117
Stack trace:
#0 /workspaces/FinalExam/.wordpress/wp-content/plugins/ecommerce-product-catalog/includes/tracking.php(551): IC_EPC_Tracking->setup_data()
#1 /workspaces/FinalExam/.wordpress/wp-content/plugins/ecommerce-product-catalog/includes/tracking.php(481): IC_EPC_Tracking->send_paused_checkin(Array, true)
#2 [internal function]: IC_EPC_Tracking->fatal()
#3 {main}
  thrown in /workspaces/FinalExam/.wordpress/wp-content/plugins/ecommerce-product-catalog/includes/tracking.php on line 117
[22-Apr-2025 23:52:16 UTC] PHP Fatal error:  Out of memory (allocated 29360128) (tried to allocate 2097152 bytes) in /workspaces/FinalExam/.wordpress/wp-content/plugins/ecommerce-product-catalog/templates/themes/theme-classic-grid.php on line 180
[22-Apr-2025 23:52:16 UTC] PHP Fatal error:  Uncaught Error: Call to undefined function ic_products_count() in /workspaces/FinalExam/.wordpress/wp-content/plugins/ecommerce-product-catalog/includes/tracking.php:117
Stack trace:
#0 /workspaces/FinalExam/.wordpress/wp-content/plugins/ecommerce-product-catalog/includes/tracking.php(551): IC_EPC_Tracking->setup_data()
#1 /workspaces/FinalExam/.wordpress/wp-content/plugins/ecommerce-product-catalog/includes/tracking.php(481): IC_EPC_Tracking->send_paused_checkin(Array, true)
#2 [internal function]: IC_EPC_Tracking->fatal()
#3 {main}
  thrown in /workspaces/FinalExam/.wordpress/wp-content/plugins/ecommerce-product-catalog/includes/tracking.php on line 117
[22-Apr-2025 23:52:16 UTC] PHP Fatal error:  Out of memory (allocated 29360128) (tried to allocate 2097152 bytes) in /workspaces/FinalExam/.wordpress/wp-content/plugins/ecommerce-product-catalog/templates/themes/theme-classic-grid.php on line 180
[22-Apr-2025 23:52:16 UTC] PHP Fatal error:  Uncaught Error: Call to undefined function ic_products_count() in /workspaces/FinalExam/.wordpress/wp-content/plugins/ecommerce-product-catalog/includes/tracking.php:117
Stack trace:
#0 /workspaces/FinalExam/.wordpress/wp-content/plugins/ecommerce-product-catalog/includes/tracking.php(551): IC_EPC_Tracking->setup_data()
#1 /workspaces/FinalExam/.wordpress/wp-content/plugins/ecommerce-product-catalog/includes/tracking.php(481): IC_EPC_Tracking->send_paused_checkin(Array, true)
#2 [internal function]: IC_EPC_Tracking->fatal()
#3 {main}
  thrown in /workspaces/FinalExam/.wordpress/wp-content/plugins/ecommerce-product-catalog/includes/tracking.php on line 117
[22-Apr-2025 23:52:16 UTC] PHP Fatal error:  Out of memory (allocated 29360128) (tried to allocate 2097152 bytes) in /workspaces/FinalExam/.wordpress/wp-content/plugins/ecommerce-product-catalog/templates/themes/theme-classic-grid.php on line 180
[22-Apr-2025 23:52:16 UTC] PHP Fatal error:  Uncaught Error: Call to undefined function ic_products_count() in /workspaces/FinalExam/.wordpress/wp-content/plugins/ecommerce-product-catalog/includes/tracking.php:117
Stack trace:
#0 /workspaces/FinalExam/.wordpress/wp-content/plugins/ecommerce-product-catalog/includes/tracking.php(551): IC_EPC_Tracking->setup_data()
#1 /workspaces/FinalExam/.wordpress/wp-content/plugins/ecommerce-product-catalog/includes/tracking.php(481): IC_EPC_Tracking->send_paused_checkin(Array, true)
#2 [internal function]: IC_EPC_Tracking->fatal()
#3 {main}
  thrown in /workspaces/FinalExam/.wordpress/wp-content/plugins/ecommerce-product-catalog/includes/tracking.php on line 117
[22-Apr-2025 23:52:17 UTC] PHP Fatal error:  Out of memory (allocated 29360128) (tried to allocate 2097152 bytes) in /workspaces/FinalExam/.wordpress/wp-content/plugins/ecommerce-product-catalog/templates/themes/theme-classic-grid.php on line 180
[22-Apr-2025 23:52:17 UTC] PHP Fatal error:  Uncaught Error: Call to undefined function ic_products_count() in /workspaces/FinalExam/.wordpress/wp-content/plugins/ecommerce-product-catalog/includes/tracking.php:117
Stack trace:
#0 /workspaces/FinalExam/.wordpress/wp-content/plugins/ecommerce-product-catalog/includes/tracking.php(551): IC_EPC_Tracking->setup_data()
#1 /workspaces/FinalExam/.wordpress/wp-content/plugins/ecommerce-product-catalog/includes/tracking.php(481): IC_EPC_Tracking->send_paused_checkin(Array, true)
#2 [internal function]: IC_EPC_Tracking->fatal()
#3 {main}
  thrown in /workspaces/FinalExam/.wordpress/wp-content/plugins/ecommerce-product-catalog/includes/tracking.php on line 117
[22-Apr-2025 23:52:18 UTC] PHP Fatal error:  Out of memory (allocated 29360128) (tried to allocate 2097152 bytes) in /workspaces/FinalExam/.wordpress/wp-content/plugins/ecommerce-product-catalog/templates/themes/theme-classic-grid.php on line 180
[22-Apr-2025 23:52:18 UTC] PHP Fatal error:  Uncaught Error: Call to undefined function ic_products_count() in /workspaces/FinalExam/.wordpress/wp-content/plugins/ecommerce-product-catalog/includes/tracking.php:117
Stack trace:
#0 /workspaces/FinalExam/.wordpress/wp-content/plugins/ecommerce-product-catalog/includes/tracking.php(551): IC_EPC_Tracking->setup_data()
#1 /workspaces/FinalExam/.wordpress/wp-content/plugins/ecommerce-product-catalog/includes/tracking.php(481): IC_EPC_Tracking->send_paused_checkin(Array, true)
#2 [internal function]: IC_EPC_Tracking->fatal()
#3 {main}
  thrown in /workspaces/FinalExam/.wordpress/wp-content/plugins/ecommerce-product-catalog/includes/tracking.php on line 117
[22-Apr-2025 23:52:24 UTC] PHP Fatal error:  Out of memory (allocated 29360128) (tried to allocate 2097152 bytes) in /workspaces/FinalExam/.wordpress/wp-content/plugins/ecommerce-product-catalog/templates/themes/theme-classic-list.php on line 122
[22-Apr-2025 23:52:24 UTC] PHP Fatal error:  Out of memory (allocated 29360128) (tried to allocate 32768 bytes) in /workspaces/FinalExam/.wordpress/wp-includes/sodium_compat/src/Core32/Int64.php on line 707
[22-Apr-2025 23:52:26 UTC] PHP Fatal error:  Out of memory (allocated 29360128) (tried to allocate 2097152 bytes) in /workspaces/FinalExam/.wordpress/wp-content/plugins/ecommerce-product-catalog/templates/themes/theme-classic-grid.php on line 45
[22-Apr-2025 23:52:26 UTC] PHP Fatal error:  Uncaught Error: Call to undefined function ic_products_count() in /workspaces/FinalExam/.wordpress/wp-content/plugins/ecommerce-product-catalog/includes/tracking.php:117
Stack trace:
#0 /workspaces/FinalExam/.wordpress/wp-content/plugins/ecommerce-product-catalog/includes/tracking.php(551): IC_EPC_Tracking->setup_data()
#1 /workspaces/FinalExam/.wordpress/wp-content/plugins/ecommerce-product-catalog/includes/tracking.php(481): IC_EPC_Tracking->send_paused_checkin(Array, true)
#2 [internal function]: IC_EPC_Tracking->fatal()
#3 {main}
  thrown in /workspaces/FinalExam/.wordpress/wp-content/plugins/ecommerce-product-catalog/includes/tracking.php on line 117
[22-Apr-2025 23:52:31 UTC] PHP Fatal error:  Out of memory (allocated 29360128) (tried to allocate 2097152 bytes) in /workspaces/FinalExam/.wordpress/wp-content/plugins/ecommerce-product-catalog/templates/themes/theme-classic-grid.php on line 45
[22-Apr-2025 23:52:31 UTC] PHP Fatal error:  Uncaught Error: Call to undefined function ic_products_count() in /workspaces/FinalExam/.wordpress/wp-content/plugins/ecommerce-product-catalog/includes/tracking.php:117
Stack trace:
#0 /workspaces/FinalExam/.wordpress/wp-content/plugins/ecommerce-product-catalog/includes/tracking.php(551): IC_EPC_Tracking->setup_data()
#1 /workspaces/FinalExam/.wordpress/wp-content/plugins/ecommerce-product-catalog/includes/tracking.php(481): IC_EPC_Tracking->send_paused_checkin(Array, true)
#2 [internal function]: IC_EPC_Tracking->fatal()
#3 {main}
  thrown in /workspaces/FinalExam/.wordpress/wp-content/plugins/ecommerce-product-catalog/includes/tracking.php on line 117
[22-Apr-2025 23:52:34 UTC] PHP Fatal error:  Out of memory (allocated 29360128) (tried to allocate 2097152 bytes) in /workspaces/FinalExam/.wordpress/wp-content/plugins/ecommerce-product-catalog/templates/themes/theme-classic-list.php on line 122
[22-Apr-2025 23:52:34 UTC] PHP Fatal error:  Uncaught Error: Call to undefined function ic_products_count() in /workspaces/FinalExam/.wordpress/wp-content/plugins/ecommerce-product-catalog/includes/tracking.php:117
Stack trace:
#0 /workspaces/FinalExam/.wordpress/wp-content/plugins/ecommerce-product-catalog/includes/tracking.php(551): IC_EPC_Tracking->setup_data()
#1 /workspaces/FinalExam/.wordpress/wp-content/plugins/ecommerce-product-catalog/includes/tracking.php(481): IC_EPC_Tracking->send_paused_checkin(Array, true)
#2 [internal function]: IC_EPC_Tracking->fatal()
#3 {main}
  thrown in /workspaces/FinalExam/.wordpress/wp-content/plugins/ecommerce-product-catalog/includes/tracking.php on line 117
[22-Apr-2025 23:52:36 UTC] PHP Fatal error:  Out of memory (allocated 29360128) (tried to allocate 2097152 bytes) in /workspaces/FinalExam/.wordpress/wp-content/plugins/ecommerce-product-catalog/templates/themes/theme-classic-grid.php on line 45
[22-Apr-2025 23:52:36 UTC] PHP Fatal error:  Uncaught Error: Call to undefined function ic_products_count() in /workspaces/FinalExam/.wordpress/wp-content/plugins/ecommerce-product-catalog/includes/tracking.php:117
Stack trace:
#0 /workspaces/FinalExam/.wordpress/wp-content/plugins/ecommerce-product-catalog/includes/tracking.php(551): IC_EPC_Tracking->setup_data()
#1 /workspaces/FinalExam/.wordpress/wp-content/plugins/ecommerce-product-catalog/includes/tracking.php(481): IC_EPC_Tracking->send_paused_checkin(Array, true)
#2 [internal function]: IC_EPC_Tracking->fatal()
#3 {main}
  thrown in /workspaces/FinalExam/.wordpress/wp-content/plugins/ecommerce-product-catalog/includes/tracking.php on line 117
[22-Apr-2025 23:52:44 UTC] PHP Fatal error:  Out of memory (allocated 29360128) (tried to allocate 2097152 bytes) in /workspaces/FinalExam/.wordpress/wp-content/plugins/ecommerce-product-catalog/templates/themes/theme-classic-list.php on line 122
[22-Apr-2025 23:52:44 UTC] PHP Fatal error:  Uncaught Error: Call to undefined function ic_products_count() in /workspaces/FinalExam/.wordpress/wp-content/plugins/ecommerce-product-catalog/includes/tracking.php:117
Stack trace:
#0 /workspaces/FinalExam/.wordpress/wp-content/plugins/ecommerce-product-catalog/includes/tracking.php(551): IC_EPC_Tracking->setup_data()
#1 /workspaces/FinalExam/.wordpress/wp-content/plugins/ecommerce-product-catalog/includes/tracking.php(481): IC_EPC_Tracking->send_paused_checkin(Array, true)
#2 [internal function]: IC_EPC_Tracking->fatal()
#3 {main}
  thrown in /workspaces/FinalExam/.wordpress/wp-content/plugins/ecommerce-product-catalog/includes/tracking.php on line 117
[22-Apr-2025 23:52:54 UTC] PHP Fatal error:  Out of memory (allocated 29360128) (tried to allocate 2097152 bytes) in /workspaces/FinalExam/.wordpress/wp-content/plugins/ecommerce-product-catalog/templates/themes/theme-classic-list.php on line 122
[22-Apr-2025 23:52:55 UTC] PHP Fatal error:  Uncaught Error: Call to undefined function ic_products_count() in /workspaces/FinalExam/.wordpress/wp-content/plugins/ecommerce-product-catalog/includes/tracking.php:117
Stack trace:
#0 /workspaces/FinalExam/.wordpress/wp-content/plugins/ecommerce-product-catalog/includes/tracking.php(551): IC_EPC_Tracking->setup_data()
#1 /workspaces/FinalExam/.wordpress/wp-content/plugins/ecommerce-product-catalog/includes/tracking.php(481): IC_EPC_Tracking->send_paused_checkin(Array, true)
#2 [internal function]: IC_EPC_Tracking->fatal()
#3 {main}
  thrown in /workspaces/FinalExam/.wordpress/wp-content/plugins/ecommerce-product-catalog/includes/tracking.php on line 117
[22-Apr-2025 23:53:02 UTC] PHP Fatal error:  Out of memory (allocated 29360128) (tried to allocate 2097152 bytes) in /workspaces/FinalExam/.wordpress/wp-content/plugins/ecommerce-product-catalog/templates/themes/theme-classic-grid.php on line 45
[22-Apr-2025 23:53:02 UTC] PHP Fatal error:  Uncaught Error: Call to undefined function ic_products_count() in /workspaces/FinalExam/.wordpress/wp-content/plugins/ecommerce-product-catalog/includes/tracking.php:117
Stack trace:
#0 /workspaces/FinalExam/.wordpress/wp-content/plugins/ecommerce-product-catalog/includes/tracking.php(551): IC_EPC_Tracking->setup_data()
#1 /workspaces/FinalExam/.wordpress/wp-content/plugins/ecommerce-product-catalog/includes/tracking.php(481): IC_EPC_Tracking->send_paused_checkin(Array, true)
#2 [internal function]: IC_EPC_Tracking->fatal()
#3 {main}
  thrown in /workspaces/FinalExam/.wordpress/wp-content/plugins/ecommerce-product-catalog/includes/tracking.php on line 117
[22-Apr-2025 23:53:04 UTC] PHP Fatal error:  Out of memory (allocated 29360128) (tried to allocate 2097152 bytes) in /workspaces/FinalExam/.wordpress/wp-content/plugins/ecommerce-product-catalog/templates/themes/theme-classic-list.php on line 122
[22-Apr-2025 23:53:04 UTC] PHP Fatal error:  Uncaught Error: Call to undefined function ic_products_count() in /workspaces/FinalExam/.wordpress/wp-content/plugins/ecommerce-product-catalog/includes/tracking.php:117
Stack trace:
#0 /workspaces/FinalExam/.wordpress/wp-content/plugins/ecommerce-product-catalog/includes/tracking.php(551): IC_EPC_Tracking->setup_data()
#1 /workspaces/FinalExam/.wordpress/wp-content/plugins/ecommerce-product-catalog/includes/tracking.php(481): IC_EPC_Tracking->send_paused_checkin(Array, true)
#2 [internal function]: IC_EPC_Tracking->fatal()
#3 {main}
  thrown in /workspaces/FinalExam/.wordpress/wp-content/plugins/ecommerce-product-catalog/includes/tracking.php on line 117
[22-Apr-2025 23:53:05 UTC] PHP Fatal error:  Out of memory (allocated 29360128) (tried to allocate 2097152 bytes) in /workspaces/FinalExam/.wordpress/wp-content/plugins/ecommerce-product-catalog/templates/themes/theme-classic-grid.php on line 45
[22-Apr-2025 23:53:05 UTC] PHP Fatal error:  Uncaught Error: Call to undefined function ic_products_count() in /workspaces/FinalExam/.wordpress/wp-content/plugins/ecommerce-product-catalog/includes/tracking.php:117
Stack trace:
#0 /workspaces/FinalExam/.wordpress/wp-content/plugins/ecommerce-product-catalog/includes/tracking.php(551): IC_EPC_Tracking->setup_data()
#1 /workspaces/FinalExam/.wordpress/wp-content/plugins/ecommerce-product-catalog/includes/tracking.php(481): IC_EPC_Tracking->send_paused_checkin(Array, true)
#2 [internal function]: IC_EPC_Tracking->fatal()
#3 {main}
  thrown in /workspaces/FinalExam/.wordpress/wp-content/plugins/ecommerce-product-catalog/includes/tracking.php on line 117
[22-Apr-2025 23:53:06 UTC] PHP Fatal error:  Out of memory (allocated 29360128) (tried to allocate 2097152 bytes) in /workspaces/FinalExam/.wordpress/wp-content/plugins/ecommerce-product-catalog/templates/themes/theme-classic-grid.php on line 45
[22-Apr-2025 23:53:06 UTC] PHP Fatal error:  Uncaught Error: Call to undefined function ic_products_count() in /workspaces/FinalExam/.wordpress/wp-content/plugins/ecommerce-product-catalog/includes/tracking.php:117
Stack trace:
#0 /workspaces/FinalExam/.wordpress/wp-content/plugins/ecommerce-product-catalog/includes/tracking.php(551): IC_EPC_Tracking->setup_data()
#1 /workspaces/FinalExam/.wordpress/wp-content/plugins/ecommerce-product-catalog/includes/tracking.php(481): IC_EPC_Tracking->send_paused_checkin(Array, true)
#2 [internal function]: IC_EPC_Tracking->fatal()
#3 {main}
  thrown in /workspaces/FinalExam/.wordpress/wp-content/plugins/ecommerce-product-catalog/includes/tracking.php on line 117
[22-Apr-2025 23:53:07 UTC] PHP Fatal error:  Out of memory (allocated 29360128) (tried to allocate 2097152 bytes) in /workspaces/FinalExam/.wordpress/wp-content/plugins/ecommerce-product-catalog/templates/themes/theme-classic-grid.php on line 45
[22-Apr-2025 23:53:07 UTC] PHP Fatal error:  Uncaught Error: Call to undefined function ic_products_count() in /workspaces/FinalExam/.wordpress/wp-content/plugins/ecommerce-product-catalog/includes/tracking.php:117
Stack trace:
#0 /workspaces/FinalExam/.wordpress/wp-content/plugins/ecommerce-product-catalog/includes/tracking.php(551): IC_EPC_Tracking->setup_data()
#1 /workspaces/FinalExam/.wordpress/wp-content/plugins/ecommerce-product-catalog/includes/tracking.php(481): IC_EPC_Tracking->send_paused_checkin(Array, true)
#2 [internal function]: IC_EPC_Tracking->fatal()
#3 {main}
  thrown in /workspaces/FinalExam/.wordpress/wp-content/plugins/ecommerce-product-catalog/includes/tracking.php on line 117
[22-Apr-2025 23:53:08 UTC] PHP Fatal error:  Out of memory (allocated 29360128) (tried to allocate 2097152 bytes) in /workspaces/FinalExam/.wordpress/wp-content/plugins/ecommerce-product-catalog/theme-product_adder_support.php on line 297
[22-Apr-2025 23:53:08 UTC] PHP Fatal error:  Uncaught Error: Class "ic_catalog_notices" not found in /workspaces/FinalExam/.wordpress/wp-content/plugins/ecommerce-product-catalog/includes/settings/general.php:600
Stack trace:
#0 /workspaces/FinalExam/.wordpress/wp-content/plugins/ecommerce-product-catalog/includes/settings/general.php(687): get_multiple_settings()
#1 /workspaces/FinalExam/.wordpress/wp-content/plugins/ecommerce-product-catalog/includes/tracking.php(126): get_integration_type()
#2 /workspaces/FinalExam/.wordpress/wp-content/plugins/ecommerce-product-catalog/includes/tracking.php(99): IC_EPC_Tracking->get_integration_type()
#3 /workspaces/FinalExam/.wordpress/wp-content/plugins/ecommerce-product-catalog/includes/tracking.php(551): IC_EPC_Tracking->setup_data()
#4 /workspaces/FinalExam/.wordpress/wp-content/plugins/ecommerce-product-catalog/includes/tracking.php(481): IC_EPC_Tracking->send_paused_checkin(Array, true)
#5 [internal function]: IC_EPC_Tracking->fatal()
#6 {main}
  thrown in /workspaces/FinalExam/.wordpress/wp-content/plugins/ecommerce-product-catalog/includes/settings/general.php on line 600
